<?xml version="1.0" encoding="UTF-8"?>
<!-- Generated by org.testng.reporters.JUnitXMLReporter -->
<testsuite hostname="DESKTOP-3E0G5MO" ignored="0" name="Test" tests="3" failures="0" timestamp="20 Nov 2019 15:03:46 GMT" time="19.039" errors="0">
  <testcase name="Test1" time="18.35" classname="testngFramework.NewTest3"/>
  <testcase name="Test2" time="18.996" classname="testngFramework.NewTest3"/>
  <testcase name="Test3" time="18.996" classname="testngFramework.NewTest3"/>
</testsuite> <!-- Test -->
