<?xml version="1.0" encoding="UTF-8"?>
<testng-results skipped="0" failed="0" ignored="0" total="1" passed="1">
  <reporter-output>
  </reporter-output>
  <suite name="Default suite" duration-ms="30151" started-at="2019-11-28T15:30:57Z" finished-at="2019-11-28T15:31:27Z">
    <groups>
    </groups>
    <test name="Default test" duration-ms="30151" started-at="2019-11-28T15:30:57Z" finished-at="2019-11-28T15:31:27Z">
      <class name="MultipleWindowclass">
        <test-method status="PASS" signature="TestMultipleWindow()[pri:0, instance:MultipleWindowclass@4b9e13df]" name="TestMultipleWindow" duration-ms="30112" started-at="2019-11-28T21:00:57Z" finished-at="2019-11-28T21:01:27Z">
          <reporter-output>
          </reporter-output>
        </test-method> <!-- TestMultipleWindow -->
      </class> <!-- MultipleWindowclass -->
    </test> <!-- Default test -->
  </suite> <!-- Default suite -->
</testng-results>
